2024-06-25 20:30:19 [ERROR] [] Application run failed
java.lang.IllegalStateException: java.lang.IllegalStateException: Logback configuration error detected: 
ERROR in ch.qos.logback.core.model.processor.ImplicitModelHandler - Could not create component [filter] of type [com.tbnws.gtgear.support.tbnws_admin_back.config.LogbackFilter] java.lang.ClassNotFoundException: com.tbnws.gtgear.support.tbnws_admin_back.config.LogbackFilter
	at org.springframework.boot.context.logging.LoggingApplicationListener.initializeSystem(LoggingApplicationListener.java:347)
	at org.springframework.boot.context.logging.LoggingApplicationListener.initialize(LoggingApplicationListener.java:298)
	at org.springframework.boot.context.logging.LoggingApplicationListener.onApplicationEnvironmentPreparedEvent(LoggingApplicationListener.java:246)
	at org.springframework.boot.context.logging.LoggingApplicationListener.onApplicationEvent(LoggingApplicationListener.java:223)
	at org.springframework.context.event.SimpleApplicationEventMulticaster.doInvokeListener(SimpleApplicationEventMulticaster.java:185)
	at org.springframework.context.event.SimpleApplicationEventMulticaster.invokeListener(SimpleApplicationEventMulticaster.java:178)
	at org.springframework.context.event.SimpleApplicationEventMulticaster.multicastEvent(SimpleApplicationEventMulticaster.java:156)
	at org.springframework.context.event.SimpleApplicationEventMulticaster.multicastEvent(SimpleApplicationEventMulticaster.java:138)
	at org.springframework.boot.context.event.EventPublishingRunListener.multicastInitialEvent(EventPublishingRunListener.java:136)
	at org.springframework.boot.context.event.EventPublishingRunListener.environmentPrepared(EventPublishingRunListener.java:81)
	at org.springframework.boot.SpringApplicationRunListeners.lambda$environmentPrepared$2(SpringApplicationRunListeners.java:64)
	at java.base/java.lang.Iterable.forEach(Iterable.java:75)
	at org.springframework.boot.SpringApplicationRunListeners.doWithListeners(SpringApplicationRunListeners.java:118)
	at org.springframework.boot.SpringApplicationRunListeners.doWithListeners(SpringApplicationRunListeners.java:112)
	at org.springframework.boot.SpringApplicationRunListeners.environmentPrepared(SpringApplicationRunListeners.java:63)
	at org.springframework.boot.SpringApplication.prepareEnvironment(SpringApplication.java:370)
	at org.springframework.boot.SpringApplication.run(SpringApplication.java:330)
	at org.springframework.boot.SpringApplication.run(SpringApplication.java:1363)
	at org.springframework.boot.SpringApplication.run(SpringApplication.java:1352)
	at com.project.springbatch.SpringBatchApplication.main(SpringBatchApplication.java:10)
Caused by: java.lang.IllegalStateException: Logback configuration error detected: 
ERROR in ch.qos.logback.core.model.processor.ImplicitModelHandler - Could not create component [filter] of type [com.tbnws.gtgear.support.tbnws_admin_back.config.LogbackFilter] java.lang.ClassNotFoundException: com.tbnws.gtgear.support.tbnws_admin_back.config.LogbackFilter
	at org.springframework.boot.logging.logback.LogbackLoggingSystem.reportConfigurationErrorsIfNecessary(LogbackLoggingSystem.java:277)
	at org.springframework.boot.logging.logback.LogbackLoggingSystem.loadConfiguration(LogbackLoggingSystem.java:255)
	at org.springframework.boot.logging.AbstractLoggingSystem.initializeWithConventions(AbstractLoggingSystem.java:81)
	at org.springframework.boot.logging.AbstractLoggingSystem.initialize(AbstractLoggingSystem.java:61)
	at org.springframework.boot.logging.logback.LogbackLoggingSystem.initialize(LogbackLoggingSystem.java:189)
	at org.springframework.boot.context.logging.LoggingApplicationListener.initializeSystem(LoggingApplicationListener.java:332)
	... 19 common frames omitted
	Suppressed: java.lang.ClassNotFoundException: com.tbnws.gtgear.support.tbnws_admin_back.config.LogbackFilter
		at java.base/jdk.internal.loader.BuiltinClassLoader.loadClass(BuiltinClassLoader.java:641)
		at java.base/jdk.internal.loader.ClassLoaders$AppClassLoader.loadClass(ClassLoaders.java:188)
		at java.base/java.lang.ClassLoader.loadClass(ClassLoader.java:525)
		at ch.qos.logback.core.util.Loader.loadClass(Loader.java:132)
		at ch.qos.logback.core.model.processor.ImplicitModelHandler.doComplex(ImplicitModelHandler.java:134)
		at ch.qos.logback.core.model.processor.ImplicitModelHandler.handle(ImplicitModelHandler.java:94)
		at ch.qos.logback.core.model.processor.DefaultProcessor.secondPhaseTraverse(DefaultProcessor.java:241)
		at ch.qos.logback.core.model.processor.DefaultProcessor.secondPhaseTraverse(DefaultProcessor.java:253)
		at ch.qos.logback.core.model.processor.DefaultProcessor.secondPhaseTraverse(DefaultProcessor.java:253)
		at ch.qos.logback.core.model.processor.DefaultProcessor.traversalLoop(DefaultProcessor.java:90)
		at ch.qos.logback.core.model.processor.DefaultProcessor.process(DefaultProcessor.java:106)
		at ch.qos.logback.core.joran.GenericXMLConfigurator.processModel(GenericXMLConfigurator.java:208)
		at org.springframework.boot.logging.logback.SpringBootJoranConfigurator.processModel(SpringBootJoranConfigurator.java:122)
		at ch.qos.logback.core.joran.GenericXMLConfigurator.doConfigure(GenericXMLConfigurator.java:170)
		at ch.qos.logback.core.joran.GenericXMLConfigurator.doConfigure(GenericXMLConfigurator.java:122)
		at ch.qos.logback.core.joran.GenericXMLConfigurator.doConfigure(GenericXMLConfigurator.java:65)
		at org.springframework.boot.logging.logback.LogbackLoggingSystem.configureByResourceUrl(LogbackLoggingSystem.java:287)
		at org.springframework.boot.logging.logback.LogbackLoggingSystem.lambda$loadConfiguration$1(LogbackLoggingSystem.java:249)
		at org.springframework.boot.logging.logback.LogbackLoggingSystem.withLoggingSuppressed(LogbackLoggingSystem.java:467)
		at org.springframework.boot.logging.logback.LogbackLoggingSystem.loadConfiguration(LogbackLoggingSystem.java:244)
		... 23 common frames omitted
2024-06-25 20:33:31 [ERROR] [] Application run failed
java.lang.IllegalStateException: java.lang.IllegalStateException: Logback configuration error detected: 
ERROR in ch.qos.logback.core.model.processor.ImplicitModelHandler - Could not create component [filter] of type [com.tbnws.gtgear.support.tbnws_admin_back.config.LogbackFilter] java.lang.ClassNotFoundException: com.tbnws.gtgear.support.tbnws_admin_back.config.LogbackFilter
	at org.springframework.boot.context.logging.LoggingApplicationListener.initializeSystem(LoggingApplicationListener.java:347)
	at org.springframework.boot.context.logging.LoggingApplicationListener.initialize(LoggingApplicationListener.java:298)
	at org.springframework.boot.context.logging.LoggingApplicationListener.onApplicationEnvironmentPreparedEvent(LoggingApplicationListener.java:246)
	at org.springframework.boot.context.logging.LoggingApplicationListener.onApplicationEvent(LoggingApplicationListener.java:223)
	at org.springframework.context.event.SimpleApplicationEventMulticaster.doInvokeListener(SimpleApplicationEventMulticaster.java:185)
	at org.springframework.context.event.SimpleApplicationEventMulticaster.invokeListener(SimpleApplicationEventMulticaster.java:178)
	at org.springframework.context.event.SimpleApplicationEventMulticaster.multicastEvent(SimpleApplicationEventMulticaster.java:156)
	at org.springframework.context.event.SimpleApplicationEventMulticaster.multicastEvent(SimpleApplicationEventMulticaster.java:138)
	at org.springframework.boot.context.event.EventPublishingRunListener.multicastInitialEvent(EventPublishingRunListener.java:136)
	at org.springframework.boot.context.event.EventPublishingRunListener.environmentPrepared(EventPublishingRunListener.java:81)
	at org.springframework.boot.SpringApplicationRunListeners.lambda$environmentPrepared$2(SpringApplicationRunListeners.java:64)
	at java.base/java.lang.Iterable.forEach(Iterable.java:75)
	at org.springframework.boot.SpringApplicationRunListeners.doWithListeners(SpringApplicationRunListeners.java:118)
	at org.springframework.boot.SpringApplicationRunListeners.doWithListeners(SpringApplicationRunListeners.java:112)
	at org.springframework.boot.SpringApplicationRunListeners.environmentPrepared(SpringApplicationRunListeners.java:63)
	at org.springframework.boot.SpringApplication.prepareEnvironment(SpringApplication.java:370)
	at org.springframework.boot.SpringApplication.run(SpringApplication.java:330)
	at org.springframework.boot.SpringApplication.run(SpringApplication.java:1363)
	at org.springframework.boot.SpringApplication.run(SpringApplication.java:1352)
	at com.project.springbatch.SpringBatchApplication.main(SpringBatchApplication.java:10)
Caused by: java.lang.IllegalStateException: Logback configuration error detected: 
ERROR in ch.qos.logback.core.model.processor.ImplicitModelHandler - Could not create component [filter] of type [com.tbnws.gtgear.support.tbnws_admin_back.config.LogbackFilter] java.lang.ClassNotFoundException: com.tbnws.gtgear.support.tbnws_admin_back.config.LogbackFilter
	at org.springframework.boot.logging.logback.LogbackLoggingSystem.reportConfigurationErrorsIfNecessary(LogbackLoggingSystem.java:277)
	at org.springframework.boot.logging.logback.LogbackLoggingSystem.loadConfiguration(LogbackLoggingSystem.java:255)
	at org.springframework.boot.logging.AbstractLoggingSystem.initializeWithConventions(AbstractLoggingSystem.java:81)
	at org.springframework.boot.logging.AbstractLoggingSystem.initialize(AbstractLoggingSystem.java:61)
	at org.springframework.boot.logging.logback.LogbackLoggingSystem.initialize(LogbackLoggingSystem.java:189)
	at org.springframework.boot.context.logging.LoggingApplicationListener.initializeSystem(LoggingApplicationListener.java:332)
	... 19 common frames omitted
	Suppressed: java.lang.ClassNotFoundException: com.tbnws.gtgear.support.tbnws_admin_back.config.LogbackFilter
		at java.base/jdk.internal.loader.BuiltinClassLoader.loadClass(BuiltinClassLoader.java:641)
		at java.base/jdk.internal.loader.ClassLoaders$AppClassLoader.loadClass(ClassLoaders.java:188)
		at java.base/java.lang.ClassLoader.loadClass(ClassLoader.java:525)
		at ch.qos.logback.core.util.Loader.loadClass(Loader.java:132)
		at ch.qos.logback.core.model.processor.ImplicitModelHandler.doComplex(ImplicitModelHandler.java:134)
		at ch.qos.logback.core.model.processor.ImplicitModelHandler.handle(ImplicitModelHandler.java:94)
		at ch.qos.logback.core.model.processor.DefaultProcessor.secondPhaseTraverse(DefaultProcessor.java:241)
		at ch.qos.logback.core.model.processor.DefaultProcessor.secondPhaseTraverse(DefaultProcessor.java:253)
		at ch.qos.logback.core.model.processor.DefaultProcessor.secondPhaseTraverse(DefaultProcessor.java:253)
		at ch.qos.logback.core.model.processor.DefaultProcessor.traversalLoop(DefaultProcessor.java:90)
		at ch.qos.logback.core.model.processor.DefaultProcessor.process(DefaultProcessor.java:106)
		at ch.qos.logback.core.joran.GenericXMLConfigurator.processModel(GenericXMLConfigurator.java:208)
		at org.springframework.boot.logging.logback.SpringBootJoranConfigurator.processModel(SpringBootJoranConfigurator.java:122)
		at ch.qos.logback.core.joran.GenericXMLConfigurator.doConfigure(GenericXMLConfigurator.java:170)
		at ch.qos.logback.core.joran.GenericXMLConfigurator.doConfigure(GenericXMLConfigurator.java:122)
		at ch.qos.logback.core.joran.GenericXMLConfigurator.doConfigure(GenericXMLConfigurator.java:65)
		at org.springframework.boot.logging.logback.LogbackLoggingSystem.configureByResourceUrl(LogbackLoggingSystem.java:287)
		at org.springframework.boot.logging.logback.LogbackLoggingSystem.lambda$loadConfiguration$1(LogbackLoggingSystem.java:249)
		at org.springframework.boot.logging.logback.LogbackLoggingSystem.withLoggingSuppressed(LogbackLoggingSystem.java:467)
		at org.springframework.boot.logging.logback.LogbackLoggingSystem.loadConfiguration(LogbackLoggingSystem.java:244)
		... 23 common frames omitted
2024-06-25 20:33:43 [ERROR] [] Application run failed
java.lang.IllegalStateException: java.lang.IllegalStateException: Logback configuration error detected: 
ERROR in ch.qos.logback.core.model.processor.ImplicitModelHandler - Could not create component [filter] of type [com.tbnws.gtgear.support.tbnws_admin_back.config.LogbackFilter] java.lang.ClassNotFoundException: com.tbnws.gtgear.support.tbnws_admin_back.config.LogbackFilter
	at org.springframework.boot.context.logging.LoggingApplicationListener.initializeSystem(LoggingApplicationListener.java:347)
	at org.springframework.boot.context.logging.LoggingApplicationListener.initialize(LoggingApplicationListener.java:298)
	at org.springframework.boot.context.logging.LoggingApplicationListener.onApplicationEnvironmentPreparedEvent(LoggingApplicationListener.java:246)
	at org.springframework.boot.context.logging.LoggingApplicationListener.onApplicationEvent(LoggingApplicationListener.java:223)
	at org.springframework.context.event.SimpleApplicationEventMulticaster.doInvokeListener(SimpleApplicationEventMulticaster.java:185)
	at org.springframework.context.event.SimpleApplicationEventMulticaster.invokeListener(SimpleApplicationEventMulticaster.java:178)
	at org.springframework.context.event.SimpleApplicationEventMulticaster.multicastEvent(SimpleApplicationEventMulticaster.java:156)
	at org.springframework.context.event.SimpleApplicationEventMulticaster.multicastEvent(SimpleApplicationEventMulticaster.java:138)
	at org.springframework.boot.context.event.EventPublishingRunListener.multicastInitialEvent(EventPublishingRunListener.java:136)
	at org.springframework.boot.context.event.EventPublishingRunListener.environmentPrepared(EventPublishingRunListener.java:81)
	at org.springframework.boot.SpringApplicationRunListeners.lambda$environmentPrepared$2(SpringApplicationRunListeners.java:64)
	at java.base/java.lang.Iterable.forEach(Iterable.java:75)
	at org.springframework.boot.SpringApplicationRunListeners.doWithListeners(SpringApplicationRunListeners.java:118)
	at org.springframework.boot.SpringApplicationRunListeners.doWithListeners(SpringApplicationRunListeners.java:112)
	at org.springframework.boot.SpringApplicationRunListeners.environmentPrepared(SpringApplicationRunListeners.java:63)
	at org.springframework.boot.SpringApplication.prepareEnvironment(SpringApplication.java:370)
	at org.springframework.boot.SpringApplication.run(SpringApplication.java:330)
	at org.springframework.boot.SpringApplication.run(SpringApplication.java:1363)
	at org.springframework.boot.SpringApplication.run(SpringApplication.java:1352)
	at com.project.springbatch.SpringBatchApplication.main(SpringBatchApplication.java:10)
Caused by: java.lang.IllegalStateException: Logback configuration error detected: 
ERROR in ch.qos.logback.core.model.processor.ImplicitModelHandler - Could not create component [filter] of type [com.tbnws.gtgear.support.tbnws_admin_back.config.LogbackFilter] java.lang.ClassNotFoundException: com.tbnws.gtgear.support.tbnws_admin_back.config.LogbackFilter
	at org.springframework.boot.logging.logback.LogbackLoggingSystem.reportConfigurationErrorsIfNecessary(LogbackLoggingSystem.java:277)
	at org.springframework.boot.logging.logback.LogbackLoggingSystem.loadConfiguration(LogbackLoggingSystem.java:255)
	at org.springframework.boot.logging.AbstractLoggingSystem.initializeWithConventions(AbstractLoggingSystem.java:81)
	at org.springframework.boot.logging.AbstractLoggingSystem.initialize(AbstractLoggingSystem.java:61)
	at org.springframework.boot.logging.logback.LogbackLoggingSystem.initialize(LogbackLoggingSystem.java:189)
	at org.springframework.boot.context.logging.LoggingApplicationListener.initializeSystem(LoggingApplicationListener.java:332)
	... 19 common frames omitted
	Suppressed: java.lang.ClassNotFoundException: com.tbnws.gtgear.support.tbnws_admin_back.config.LogbackFilter
		at java.base/jdk.internal.loader.BuiltinClassLoader.loadClass(BuiltinClassLoader.java:641)
		at java.base/jdk.internal.loader.ClassLoaders$AppClassLoader.loadClass(ClassLoaders.java:188)
		at java.base/java.lang.ClassLoader.loadClass(ClassLoader.java:525)
		at ch.qos.logback.core.util.Loader.loadClass(Loader.java:132)
		at ch.qos.logback.core.model.processor.ImplicitModelHandler.doComplex(ImplicitModelHandler.java:134)
		at ch.qos.logback.core.model.processor.ImplicitModelHandler.handle(ImplicitModelHandler.java:94)
		at ch.qos.logback.core.model.processor.DefaultProcessor.secondPhaseTraverse(DefaultProcessor.java:241)
		at ch.qos.logback.core.model.processor.DefaultProcessor.secondPhaseTraverse(DefaultProcessor.java:253)
		at ch.qos.logback.core.model.processor.DefaultProcessor.secondPhaseTraverse(DefaultProcessor.java:253)
		at ch.qos.logback.core.model.processor.DefaultProcessor.traversalLoop(DefaultProcessor.java:90)
		at ch.qos.logback.core.model.processor.DefaultProcessor.process(DefaultProcessor.java:106)
		at ch.qos.logback.core.joran.GenericXMLConfigurator.processModel(GenericXMLConfigurator.java:208)
		at org.springframework.boot.logging.logback.SpringBootJoranConfigurator.processModel(SpringBootJoranConfigurator.java:122)
		at ch.qos.logback.core.joran.GenericXMLConfigurator.doConfigure(GenericXMLConfigurator.java:170)
		at ch.qos.logback.core.joran.GenericXMLConfigurator.doConfigure(GenericXMLConfigurator.java:122)
		at ch.qos.logback.core.joran.GenericXMLConfigurator.doConfigure(GenericXMLConfigurator.java:65)
		at org.springframework.boot.logging.logback.LogbackLoggingSystem.configureByResourceUrl(LogbackLoggingSystem.java:287)
		at org.springframework.boot.logging.logback.LogbackLoggingSystem.lambda$loadConfiguration$1(LogbackLoggingSystem.java:249)
		at org.springframework.boot.logging.logback.LogbackLoggingSystem.withLoggingSuppressed(LogbackLoggingSystem.java:467)
		at org.springframework.boot.logging.logback.LogbackLoggingSystem.loadConfiguration(LogbackLoggingSystem.java:244)
		... 23 common frames omitted
2024-06-25 20:34:27 [INFO ] [] Starting SpringBatchApplication using Java 17.0.9 with PID 5091 (/Users/mugeon/IdeaProjects/spring-batch/build/classes/java/main started by mugeon in /Users/mugeon/IdeaProjects/spring-batch)
2024-06-25 20:34:27 [INFO ] [] No active profile set, falling back to 1 default profile: "default"
2024-06-25 20:34:27 [INFO ] [] Bootstrapping Spring Data JPA repositories in DEFAULT mode.
2024-06-25 20:34:27 [INFO ] [] Finished Spring Data repository scanning in 7 ms. Found 0 JPA repository interfaces.
2024-06-25 20:34:27 [WARN ] [] Bean 'batchConfig' of type [com.project.springbatch.BatchConfig$$SpringCGLIB$$0] is not eligible for getting processed by all BeanPostProcessors (for example: not eligible for auto-proxying). Is this bean getting eagerly injected into a currently created BeanPostProcessor [jobRegistryBeanPostProcessor]? Check the corresponding BeanPostProcessor declaration and its dependencies.
2024-06-25 20:34:27 [WARN ] [] Bean 'dataSource' of type [com.zaxxer.hikari.HikariDataSource] is not eligible for getting processed by all BeanPostProcessors (for example: not eligible for auto-proxying). Is this bean getting eagerly injected into a currently created BeanPostProcessor [jobRegistryBeanPostProcessor]? Check the corresponding BeanPostProcessor declaration and its dependencies.
2024-06-25 20:34:27 [WARN ] [] Bean 'transactionManager' of type [org.springframework.jdbc.datasource.DataSourceTransactionManager] is not eligible for getting processed by all BeanPostProcessors (for example: not eligible for auto-proxying). Is this bean getting eagerly injected into a currently created BeanPostProcessor [jobRegistryBeanPostProcessor]? Check the corresponding BeanPostProcessor declaration and its dependencies.
2024-06-25 20:34:27 [WARN ] [] Bean 'spring.batch-org.springframework.boot.autoconfigure.batch.BatchProperties' of type [org.springframework.boot.autoconfigure.batch.BatchProperties] is not eligible for getting processed by all BeanPostProcessors (for example: not eligible for auto-proxying). Is this bean getting eagerly injected into a currently created BeanPostProcessor [jobRegistryBeanPostProcessor]? Check the corresponding BeanPostProcessor declaration and its dependencies.
2024-06-25 20:34:27 [WARN ] [] Bean 'org.springframework.boot.autoconfigure.batch.BatchAutoConfiguration$SpringBootBatchConfiguration' of type [org.springframework.boot.autoconfigure.batch.BatchAutoConfiguration$SpringBootBatchConfiguration] is not eligible for getting processed by all BeanPostProcessors (for example: not eligible for auto-proxying). The currently created BeanPostProcessor [jobRegistryBeanPostProcessor] is declared through a non-static factory method on that class; consider declaring it as static instead.
2024-06-25 20:34:27 [INFO ] [] Tomcat initialized with port 8080 (http)
2024-06-25 20:34:27 [INFO ] [] Initializing ProtocolHandler ["http-nio-8080"]
2024-06-25 20:34:27 [INFO ] [] Starting service [Tomcat]
2024-06-25 20:34:27 [INFO ] [] Starting Servlet engine: [Apache Tomcat/10.1.24]
2024-06-25 20:34:28 [INFO ] [] Initializing Spring embedded WebApplicationContext
2024-06-25 20:34:28 [INFO ] [] Root WebApplicationContext: initialization completed in 785 ms
2024-06-25 20:34:28 [INFO ] [] HikariPool-1 - Starting...
2024-06-25 20:34:28 [INFO ] [] HikariPool-1 - Added connection com.mysql.cj.jdbc.ConnectionImpl@b32e983
2024-06-25 20:34:28 [INFO ] [] HikariPool-1 - Start completed.
2024-06-25 20:34:28 [INFO ] [] HHH000204: Processing PersistenceUnitInfo [name: default]
2024-06-25 20:34:28 [INFO ] [] HHH000412: Hibernate ORM core version 6.4.8.Final
2024-06-25 20:34:28 [INFO ] [] HHH000026: Second-level cache disabled
2024-06-25 20:34:28 [INFO ] [] No LoadTimeWeaver setup: ignoring JPA class transformer
2024-06-25 20:34:29 [INFO ] [] HHH000489: No JTA platform available (set 'hibernate.transaction.jta.platform' to enable JTA platform integration)
2024-06-25 20:34:29 [INFO ] [] Initialized JPA EntityManagerFactory for persistence unit 'default'
2024-06-25 20:34:29 [INFO ] [] Exposing 14 endpoint(s) beneath base path '/actuator'
2024-06-25 20:34:29 [INFO ] [] Starting ProtocolHandler ["http-nio-8080"]
2024-06-25 20:34:29 [INFO ] [] Tomcat started on port 8080 (http) with context path ''
2024-06-25 20:34:29 [INFO ] [] Started SpringBatchApplication in 2.704 seconds (process running for 2.914)
2024-06-25 20:34:29 [INFO ] [] Running default command line with: []
2024-06-25 20:34:29 [INFO ] [] Job: [SimpleJob: [name=batchJob]] launched with the following parameters: [{}]
2024-06-25 20:34:29 [INFO ] [] Step already complete or not restartable, so no action to execute: StepExecution: id=2, version=6, name=step1, status=COMPLETED, exitStatus=COMPLETED, readCount=6, filterCount=0, writeCount=6 readSkipCount=0, writeSkipCount=0, processSkipCount=0, commitCount=4, rollbackCount=0, exitDescription=
2024-06-25 20:34:29 [INFO ] [] Job: [SimpleJob: [name=batchJob]] completed with the following parameters: [{}] and the following status: [COMPLETED] in 20ms
2024-06-25 20:34:30 [INFO ] [] Initializing Spring DispatcherServlet 'dispatcherServlet'
2024-06-25 20:34:30 [INFO ] [] Initializing Servlet 'dispatcherServlet'
2024-06-25 20:34:30 [INFO ] [] Completed initialization in 2 ms
2024-06-25 20:34:35 [INFO ] [31e7ab83] info +++++++++++++++==
2024-06-25 20:34:35 [WARN ] [31e7ab83] warn +++++++++++++++==
2024-06-25 20:34:35 [INFO ] [bb412908] info +++++++++++++++==
2024-06-25 20:34:35 [WARN ] [bb412908] warn +++++++++++++++==
2024-06-25 20:41:21 [INFO ] [] Closing JPA EntityManagerFactory for persistence unit 'default'
2024-06-25 20:41:21 [INFO ] [] HikariPool-1 - Shutdown initiated...
2024-06-25 20:41:21 [INFO ] [] HikariPool-1 - Shutdown completed.
2024-06-25 20:41:23 [INFO ] [] Starting SpringBatchApplication using Java 17.0.9 with PID 5524 (/Users/mugeon/IdeaProjects/spring-batch/build/classes/java/main started by mugeon in /Users/mugeon/IdeaProjects/spring-batch)
2024-06-25 20:41:23 [INFO ] [] No active profile set, falling back to 1 default profile: "default"
2024-06-25 20:41:23 [INFO ] [] Bootstrapping Spring Data JPA repositories in DEFAULT mode.
2024-06-25 20:41:23 [INFO ] [] Finished Spring Data repository scanning in 21 ms. Found 1 JPA repository interface.
2024-06-25 20:41:24 [WARN ] [] Bean 'batchConfig' of type [com.project.springbatch.BatchConfig$$SpringCGLIB$$0] is not eligible for getting processed by all BeanPostProcessors (for example: not eligible for auto-proxying). Is this bean getting eagerly injected into a currently created BeanPostProcessor [jobRegistryBeanPostProcessor]? Check the corresponding BeanPostProcessor declaration and its dependencies.
2024-06-25 20:41:24 [WARN ] [] Bean 'dataSource' of type [com.zaxxer.hikari.HikariDataSource] is not eligible for getting processed by all BeanPostProcessors (for example: not eligible for auto-proxying). Is this bean getting eagerly injected into a currently created BeanPostProcessor [jobRegistryBeanPostProcessor]? Check the corresponding BeanPostProcessor declaration and its dependencies.
2024-06-25 20:41:24 [WARN ] [] Bean 'transactionManager' of type [org.springframework.jdbc.datasource.DataSourceTransactionManager] is not eligible for getting processed by all BeanPostProcessors (for example: not eligible for auto-proxying). Is this bean getting eagerly injected into a currently created BeanPostProcessor [jobRegistryBeanPostProcessor]? Check the corresponding BeanPostProcessor declaration and its dependencies.
2024-06-25 20:41:24 [WARN ] [] Bean 'spring.batch-org.springframework.boot.autoconfigure.batch.BatchProperties' of type [org.springframework.boot.autoconfigure.batch.BatchProperties] is not eligible for getting processed by all BeanPostProcessors (for example: not eligible for auto-proxying). Is this bean getting eagerly injected into a currently created BeanPostProcessor [jobRegistryBeanPostProcessor]? Check the corresponding BeanPostProcessor declaration and its dependencies.
2024-06-25 20:41:24 [WARN ] [] Bean 'org.springframework.boot.autoconfigure.batch.BatchAutoConfiguration$SpringBootBatchConfiguration' of type [org.springframework.boot.autoconfigure.batch.BatchAutoConfiguration$SpringBootBatchConfiguration] is not eligible for getting processed by all BeanPostProcessors (for example: not eligible for auto-proxying). The currently created BeanPostProcessor [jobRegistryBeanPostProcessor] is declared through a non-static factory method on that class; consider declaring it as static instead.
2024-06-25 20:41:24 [INFO ] [] Tomcat initialized with port 8080 (http)
2024-06-25 20:41:24 [INFO ] [] Initializing ProtocolHandler ["http-nio-8080"]
2024-06-25 20:41:24 [INFO ] [] Starting service [Tomcat]
2024-06-25 20:41:24 [INFO ] [] Starting Servlet engine: [Apache Tomcat/10.1.24]
2024-06-25 20:41:24 [INFO ] [] Initializing Spring embedded WebApplicationContext
2024-06-25 20:41:24 [INFO ] [] Root WebApplicationContext: initialization completed in 756 ms
2024-06-25 20:41:24 [INFO ] [] HikariPool-1 - Starting...
2024-06-25 20:41:24 [INFO ] [] HikariPool-1 - Added connection com.mysql.cj.jdbc.ConnectionImpl@3fe8ad3f
2024-06-25 20:41:24 [INFO ] [] HikariPool-1 - Start completed.
2024-06-25 20:41:24 [INFO ] [] HHH000204: Processing PersistenceUnitInfo [name: default]
2024-06-25 20:41:24 [INFO ] [] HHH000412: Hibernate ORM core version 6.4.8.Final
2024-06-25 20:41:24 [INFO ] [] HHH000026: Second-level cache disabled
2024-06-25 20:41:24 [INFO ] [] No LoadTimeWeaver setup: ignoring JPA class transformer
2024-06-25 20:41:25 [INFO ] [] HHH000489: No JTA platform available (set 'hibernate.transaction.jta.platform' to enable JTA platform integration)
2024-06-25 20:41:25 [INFO ] [] Initialized JPA EntityManagerFactory for persistence unit 'default'
2024-06-25 20:41:25 [INFO ] [] Exposing 14 endpoint(s) beneath base path '/actuator'
2024-06-25 20:41:25 [INFO ] [] Starting ProtocolHandler ["http-nio-8080"]
2024-06-25 20:41:25 [INFO ] [] Tomcat started on port 8080 (http) with context path ''
2024-06-25 20:41:25 [INFO ] [] Started SpringBatchApplication in 2.566 seconds (process running for 2.782)
2024-06-25 20:41:25 [INFO ] [] Running default command line with: []
2024-06-25 20:41:25 [INFO ] [] Job: [SimpleJob: [name=batchJob]] launched with the following parameters: [{}]
2024-06-25 20:41:25 [INFO ] [] Step already complete or not restartable, so no action to execute: StepExecution: id=2, version=6, name=step1, status=COMPLETED, exitStatus=COMPLETED, readCount=6, filterCount=0, writeCount=6 readSkipCount=0, writeSkipCount=0, processSkipCount=0, commitCount=4, rollbackCount=0, exitDescription=
2024-06-25 20:41:25 [INFO ] [] Job: [SimpleJob: [name=batchJob]] completed with the following parameters: [{}] and the following status: [COMPLETED] in 13ms
2024-06-25 20:41:26 [INFO ] [] Initializing Spring DispatcherServlet 'dispatcherServlet'
2024-06-25 20:41:26 [INFO ] [] Initializing Servlet 'dispatcherServlet'
2024-06-25 20:41:26 [INFO ] [] Completed initialization in 2 ms
2024-06-25 20:41:50 [INFO ] [3763751d]  ====== /api/v1/signup [Controller.signup()] start ======
2024-06-25 20:41:50 [INFO ] [3763751d]  /api/v1/signup [Controller.signup()]  signup: 김무건
2024-06-25 20:41:50 [INFO ] [3763751d]  ====== /api/v1/signup [Controller.signup()] end ======
2024-06-25 20:42:09 [INFO ] [] Closing JPA EntityManagerFactory for persistence unit 'default'
2024-06-25 20:42:09 [INFO ] [] HikariPool-1 - Shutdown initiated...
2024-06-25 20:42:09 [INFO ] [] HikariPool-1 - Shutdown completed.
2024-06-25 20:42:10 [INFO ] [] Starting SpringBatchApplication using Java 17.0.9 with PID 5576 (/Users/mugeon/IdeaProjects/spring-batch/build/classes/java/main started by mugeon in /Users/mugeon/IdeaProjects/spring-batch)
2024-06-25 20:42:10 [INFO ] [] No active profile set, falling back to 1 default profile: "default"
2024-06-25 20:42:10 [WARN ] [] Exception encountered during context initialization - cancelling refresh attempt: org.springframework.beans.factory.BeanDefinitionStoreException: Failed to parse configuration class [com.project.springbatch.SpringBatchApplication]
2024-06-25 20:42:10 [ERROR] [] Application run failed
org.springframework.beans.factory.BeanDefinitionStoreException: Failed to parse configuration class [com.project.springbatch.SpringBatchApplication]
	at org.springframework.context.annotation.ConfigurationClassParser.parse(ConfigurationClassParser.java:179)
	at org.springframework.context.annotation.ConfigurationClassPostProcessor.processConfigBeanDefinitions(ConfigurationClassPostProcessor.java:417)
	at org.springframework.context.annotation.ConfigurationClassPostProcessor.postProcessBeanDefinitionRegistry(ConfigurationClassPostProcessor.java:290)
	at org.springframework.context.support.PostProcessorRegistrationDelegate.invokeBeanDefinitionRegistryPostProcessors(PostProcessorRegistrationDelegate.java:349)
	at org.springframework.context.support.PostProcessorRegistrationDelegate.invokeBeanFactoryPostProcessors(PostProcessorRegistrationDelegate.java:118)
	at org.springframework.context.support.AbstractApplicationContext.invokeBeanFactoryPostProcessors(AbstractApplicationContext.java:788)
	at org.springframework.context.support.AbstractApplicationContext.refresh(AbstractApplicationContext.java:606)
	at org.springframework.boot.web.servlet.context.ServletWebServerApplicationContext.refresh(ServletWebServerApplicationContext.java:146)
	at org.springframework.boot.SpringApplication.refresh(SpringApplication.java:754)
	at org.springframework.boot.SpringApplication.refreshContext(SpringApplication.java:456)
	at org.springframework.boot.SpringApplication.run(SpringApplication.java:335)
	at org.springframework.boot.SpringApplication.run(SpringApplication.java:1363)
	at org.springframework.boot.SpringApplication.run(SpringApplication.java:1352)
	at com.project.springbatch.SpringBatchApplication.main(SpringBatchApplication.java:10)
Caused by: org.springframework.context.annotation.ConflictingBeanDefinitionException: Annotation-specified bean name 'transactionIdFilter' for bean class [com.project.springbatch.TransactionIdFilter] conflicts with existing, non-compatible bean definition of same name and class [com.project.springbatch.App.TransactionIdFilter]
	at org.springframework.context.annotation.ClassPathBeanDefinitionScanner.checkCandidate(ClassPathBeanDefinitionScanner.java:361)
	at org.springframework.context.annotation.ClassPathBeanDefinitionScanner.doScan(ClassPathBeanDefinitionScanner.java:288)
	at org.springframework.context.annotation.ComponentScanAnnotationParser.parse(ComponentScanAnnotationParser.java:128)
	at org.springframework.context.annotation.ConfigurationClassParser.doProcessConfigurationClass(ConfigurationClassParser.java:306)
	at org.springframework.context.annotation.ConfigurationClassParser.processConfigurationClass(ConfigurationClassParser.java:246)
	at org.springframework.context.annotation.ConfigurationClassParser.parse(ConfigurationClassParser.java:197)
	at org.springframework.context.annotation.ConfigurationClassParser.parse(ConfigurationClassParser.java:165)
	... 13 common frames omitted
2024-06-25 20:42:27 [INFO ] [] Starting SpringBatchApplication using Java 17.0.9 with PID 5599 (/Users/mugeon/IdeaProjects/spring-batch/build/classes/java/main started by mugeon in /Users/mugeon/IdeaProjects/spring-batch)
2024-06-25 20:42:27 [INFO ] [] No active profile set, falling back to 1 default profile: "default"
2024-06-25 20:42:27 [WARN ] [] Exception encountered during context initialization - cancelling refresh attempt: org.springframework.beans.factory.BeanDefinitionStoreException: Failed to parse configuration class [com.project.springbatch.SpringBatchApplication]
2024-06-25 20:42:27 [ERROR] [] Application run failed
org.springframework.beans.factory.BeanDefinitionStoreException: Failed to parse configuration class [com.project.springbatch.SpringBatchApplication]
	at org.springframework.context.annotation.ConfigurationClassParser.parse(ConfigurationClassParser.java:179)
	at org.springframework.context.annotation.ConfigurationClassPostProcessor.processConfigBeanDefinitions(ConfigurationClassPostProcessor.java:417)
	at org.springframework.context.annotation.ConfigurationClassPostProcessor.postProcessBeanDefinitionRegistry(ConfigurationClassPostProcessor.java:290)
	at org.springframework.context.support.PostProcessorRegistrationDelegate.invokeBeanDefinitionRegistryPostProcessors(PostProcessorRegistrationDelegate.java:349)
	at org.springframework.context.support.PostProcessorRegistrationDelegate.invokeBeanFactoryPostProcessors(PostProcessorRegistrationDelegate.java:118)
	at org.springframework.context.support.AbstractApplicationContext.invokeBeanFactoryPostProcessors(AbstractApplicationContext.java:788)
	at org.springframework.context.support.AbstractApplicationContext.refresh(AbstractApplicationContext.java:606)
	at org.springframework.boot.web.servlet.context.ServletWebServerApplicationContext.refresh(ServletWebServerApplicationContext.java:146)
	at org.springframework.boot.SpringApplication.refresh(SpringApplication.java:754)
	at org.springframework.boot.SpringApplication.refreshContext(SpringApplication.java:456)
	at org.springframework.boot.SpringApplication.run(SpringApplication.java:335)
	at org.springframework.boot.SpringApplication.run(SpringApplication.java:1363)
	at org.springframework.boot.SpringApplication.run(SpringApplication.java:1352)
	at com.project.springbatch.SpringBatchApplication.main(SpringBatchApplication.java:10)
Caused by: org.springframework.context.annotation.ConflictingBeanDefinitionException: Annotation-specified bean name 'transactionIdFilter' for bean class [com.project.springbatch.TransactionIdFilter] conflicts with existing, non-compatible bean definition of same name and class [com.project.springbatch.App.TransactionIdFilter]
	at org.springframework.context.annotation.ClassPathBeanDefinitionScanner.checkCandidate(ClassPathBeanDefinitionScanner.java:361)
	at org.springframework.context.annotation.ClassPathBeanDefinitionScanner.doScan(ClassPathBeanDefinitionScanner.java:288)
	at org.springframework.context.annotation.ComponentScanAnnotationParser.parse(ComponentScanAnnotationParser.java:128)
	at org.springframework.context.annotation.ConfigurationClassParser.doProcessConfigurationClass(ConfigurationClassParser.java:306)
	at org.springframework.context.annotation.ConfigurationClassParser.processConfigurationClass(ConfigurationClassParser.java:246)
	at org.springframework.context.annotation.ConfigurationClassParser.parse(ConfigurationClassParser.java:197)
	at org.springframework.context.annotation.ConfigurationClassParser.parse(ConfigurationClassParser.java:165)
	... 13 common frames omitted
2024-06-25 20:43:04 [INFO ] [] Starting SpringBatchApplication using Java 17.0.9 with PID 5624 (/Users/mugeon/IdeaProjects/spring-batch/build/classes/java/main started by mugeon in /Users/mugeon/IdeaProjects/spring-batch)
2024-06-25 20:43:04 [INFO ] [] No active profile set, falling back to 1 default profile: "default"
2024-06-25 20:43:04 [WARN ] [] Exception encountered during context initialization - cancelling refresh attempt: org.springframework.beans.factory.BeanDefinitionStoreException: Failed to parse configuration class [com.project.springbatch.SpringBatchApplication]
2024-06-25 20:43:04 [ERROR] [] Application run failed
org.springframework.beans.factory.BeanDefinitionStoreException: Failed to parse configuration class [com.project.springbatch.SpringBatchApplication]
	at org.springframework.context.annotation.ConfigurationClassParser.parse(ConfigurationClassParser.java:179)
	at org.springframework.context.annotation.ConfigurationClassPostProcessor.processConfigBeanDefinitions(ConfigurationClassPostProcessor.java:417)
	at org.springframework.context.annotation.ConfigurationClassPostProcessor.postProcessBeanDefinitionRegistry(ConfigurationClassPostProcessor.java:290)
	at org.springframework.context.support.PostProcessorRegistrationDelegate.invokeBeanDefinitionRegistryPostProcessors(PostProcessorRegistrationDelegate.java:349)
	at org.springframework.context.support.PostProcessorRegistrationDelegate.invokeBeanFactoryPostProcessors(PostProcessorRegistrationDelegate.java:118)
	at org.springframework.context.support.AbstractApplicationContext.invokeBeanFactoryPostProcessors(AbstractApplicationContext.java:788)
	at org.springframework.context.support.AbstractApplicationContext.refresh(AbstractApplicationContext.java:606)
	at org.springframework.boot.web.servlet.context.ServletWebServerApplicationContext.refresh(ServletWebServerApplicationContext.java:146)
	at org.springframework.boot.SpringApplication.refresh(SpringApplication.java:754)
	at org.springframework.boot.SpringApplication.refreshContext(SpringApplication.java:456)
	at org.springframework.boot.SpringApplication.run(SpringApplication.java:335)
	at org.springframework.boot.SpringApplication.run(SpringApplication.java:1363)
	at org.springframework.boot.SpringApplication.run(SpringApplication.java:1352)
	at com.project.springbatch.SpringBatchApplication.main(SpringBatchApplication.java:10)
Caused by: org.springframework.context.annotation.ConflictingBeanDefinitionException: Annotation-specified bean name 'transactionIdFilter' for bean class [com.project.springbatch.TransactionIdFilter] conflicts with existing, non-compatible bean definition of same name and class [com.project.springbatch.App.TransactionIdFilter]
	at org.springframework.context.annotation.ClassPathBeanDefinitionScanner.checkCandidate(ClassPathBeanDefinitionScanner.java:361)
	at org.springframework.context.annotation.ClassPathBeanDefinitionScanner.doScan(ClassPathBeanDefinitionScanner.java:288)
	at org.springframework.context.annotation.ComponentScanAnnotationParser.parse(ComponentScanAnnotationParser.java:128)
	at org.springframework.context.annotation.ConfigurationClassParser.doProcessConfigurationClass(ConfigurationClassParser.java:306)
	at org.springframework.context.annotation.ConfigurationClassParser.processConfigurationClass(ConfigurationClassParser.java:246)
	at org.springframework.context.annotation.ConfigurationClassParser.parse(ConfigurationClassParser.java:197)
	at org.springframework.context.annotation.ConfigurationClassParser.parse(ConfigurationClassParser.java:165)
	... 13 common frames omitted
2024-06-25 20:43:15 [INFO ] [] Starting SpringBatchApplication using Java 17.0.9 with PID 5633 (/Users/mugeon/IdeaProjects/spring-batch/build/classes/java/main started by mugeon in /Users/mugeon/IdeaProjects/spring-batch)
2024-06-25 20:43:15 [INFO ] [] No active profile set, falling back to 1 default profile: "default"
2024-06-25 20:43:16 [INFO ] [] Bootstrapping Spring Data JPA repositories in DEFAULT mode.
2024-06-25 20:43:16 [INFO ] [] Finished Spring Data repository scanning in 20 ms. Found 1 JPA repository interface.
2024-06-25 20:43:16 [WARN ] [] Bean 'batchConfig' of type [com.project.springbatch.BatchConfig$$SpringCGLIB$$0] is not eligible for getting processed by all BeanPostProcessors (for example: not eligible for auto-proxying). Is this bean getting eagerly injected into a currently created BeanPostProcessor [jobRegistryBeanPostProcessor]? Check the corresponding BeanPostProcessor declaration and its dependencies.
2024-06-25 20:43:16 [WARN ] [] Bean 'dataSource' of type [com.zaxxer.hikari.HikariDataSource] is not eligible for getting processed by all BeanPostProcessors (for example: not eligible for auto-proxying). Is this bean getting eagerly injected into a currently created BeanPostProcessor [jobRegistryBeanPostProcessor]? Check the corresponding BeanPostProcessor declaration and its dependencies.
2024-06-25 20:43:16 [WARN ] [] Bean 'transactionManager' of type [org.springframework.jdbc.datasource.DataSourceTransactionManager] is not eligible for getting processed by all BeanPostProcessors (for example: not eligible for auto-proxying). Is this bean getting eagerly injected into a currently created BeanPostProcessor [jobRegistryBeanPostProcessor]? Check the corresponding BeanPostProcessor declaration and its dependencies.
2024-06-25 20:43:16 [WARN ] [] Bean 'spring.batch-org.springframework.boot.autoconfigure.batch.BatchProperties' of type [org.springframework.boot.autoconfigure.batch.BatchProperties] is not eligible for getting processed by all BeanPostProcessors (for example: not eligible for auto-proxying). Is this bean getting eagerly injected into a currently created BeanPostProcessor [jobRegistryBeanPostProcessor]? Check the corresponding BeanPostProcessor declaration and its dependencies.
2024-06-25 20:43:16 [WARN ] [] Bean 'org.springframework.boot.autoconfigure.batch.BatchAutoConfiguration$SpringBootBatchConfiguration' of type [org.springframework.boot.autoconfigure.batch.BatchAutoConfiguration$SpringBootBatchConfiguration] is not eligible for getting processed by all BeanPostProcessors (for example: not eligible for auto-proxying). The currently created BeanPostProcessor [jobRegistryBeanPostProcessor] is declared through a non-static factory method on that class; consider declaring it as static instead.
2024-06-25 20:43:16 [INFO ] [] Tomcat initialized with port 8080 (http)
2024-06-25 20:43:16 [INFO ] [] Initializing ProtocolHandler ["http-nio-8080"]
2024-06-25 20:43:16 [INFO ] [] Starting service [Tomcat]
2024-06-25 20:43:16 [INFO ] [] Starting Servlet engine: [Apache Tomcat/10.1.24]
2024-06-25 20:43:16 [INFO ] [] Initializing Spring embedded WebApplicationContext
2024-06-25 20:43:16 [INFO ] [] Root WebApplicationContext: initialization completed in 753 ms
2024-06-25 20:43:16 [INFO ] [] HikariPool-1 - Starting...
2024-06-25 20:43:16 [INFO ] [] HikariPool-1 - Added connection com.mysql.cj.jdbc.ConnectionImpl@7769d9b6
2024-06-25 20:43:16 [INFO ] [] HikariPool-1 - Start completed.
2024-06-25 20:43:16 [INFO ] [] HHH000204: Processing PersistenceUnitInfo [name: default]
2024-06-25 20:43:16 [INFO ] [] HHH000412: Hibernate ORM core version 6.4.8.Final
2024-06-25 20:43:16 [INFO ] [] HHH000026: Second-level cache disabled
2024-06-25 20:43:17 [INFO ] [] No LoadTimeWeaver setup: ignoring JPA class transformer
2024-06-25 20:43:17 [INFO ] [] HHH000489: No JTA platform available (set 'hibernate.transaction.jta.platform' to enable JTA platform integration)
2024-06-25 20:43:17 [INFO ] [] Initialized JPA EntityManagerFactory for persistence unit 'default'
2024-06-25 20:43:18 [INFO ] [] Exposing 14 endpoint(s) beneath base path '/actuator'
2024-06-25 20:43:18 [INFO ] [] Starting ProtocolHandler ["http-nio-8080"]
2024-06-25 20:43:18 [INFO ] [] Tomcat started on port 8080 (http) with context path ''
2024-06-25 20:43:18 [INFO ] [] Started SpringBatchApplication in 2.542 seconds (process running for 2.758)
2024-06-25 20:43:18 [INFO ] [] Running default command line with: []
2024-06-25 20:43:18 [INFO ] [] Initializing Spring DispatcherServlet 'dispatcherServlet'
2024-06-25 20:43:18 [INFO ] [] Initializing Servlet 'dispatcherServlet'
2024-06-25 20:43:18 [INFO ] [] Completed initialization in 1 ms
2024-06-25 20:43:18 [INFO ] [] Job: [SimpleJob: [name=batchJob]] launched with the following parameters: [{}]
2024-06-25 20:43:18 [INFO ] [] Step already complete or not restartable, so no action to execute: StepExecution: id=2, version=6, name=step1, status=COMPLETED, exitStatus=COMPLETED, readCount=6, filterCount=0, writeCount=6 readSkipCount=0, writeSkipCount=0, processSkipCount=0, commitCount=4, rollbackCount=0, exitDescription=
2024-06-25 20:43:18 [INFO ] [] Job: [SimpleJob: [name=batchJob]] completed with the following parameters: [{}] and the following status: [COMPLETED] in 19ms
2024-06-25 20:43:20 [INFO ] [dc5da0ee]  ====== /api/v1/signup [Controller.signup()] start ======
2024-06-25 20:43:20 [INFO ] [dc5da0ee]  /api/v1/signup [Controller.signup()]  signup: 김무건
2024-06-25 20:43:20 [INFO ] [dc5da0ee]  ====== /api/v1/signup [Controller.signup()] end ======
2024-06-25 20:43:58 [INFO ] [] Closing JPA EntityManagerFactory for persistence unit 'default'
2024-06-25 20:43:58 [INFO ] [] HikariPool-1 - Shutdown initiated...
2024-06-25 20:43:58 [INFO ] [] HikariPool-1 - Shutdown completed.
2024-06-25 20:43:59 [INFO ] [] Starting SpringBatchApplication using Java 17.0.9 with PID 5650 (/Users/mugeon/IdeaProjects/spring-batch/build/classes/java/main started by mugeon in /Users/mugeon/IdeaProjects/spring-batch)
2024-06-25 20:43:59 [INFO ] [] No active profile set, falling back to 1 default profile: "default"
2024-06-25 20:44:00 [INFO ] [] Bootstrapping Spring Data JPA repositories in DEFAULT mode.
2024-06-25 20:44:00 [INFO ] [] Finished Spring Data repository scanning in 25 ms. Found 1 JPA repository interface.
2024-06-25 20:44:00 [WARN ] [] Bean 'batchConfig' of type [com.project.springbatch.BatchConfig$$SpringCGLIB$$0] is not eligible for getting processed by all BeanPostProcessors (for example: not eligible for auto-proxying). Is this bean getting eagerly injected into a currently created BeanPostProcessor [jobRegistryBeanPostProcessor]? Check the corresponding BeanPostProcessor declaration and its dependencies.
2024-06-25 20:44:00 [WARN ] [] Bean 'dataSource' of type [com.zaxxer.hikari.HikariDataSource] is not eligible for getting processed by all BeanPostProcessors (for example: not eligible for auto-proxying). Is this bean getting eagerly injected into a currently created BeanPostProcessor [jobRegistryBeanPostProcessor]? Check the corresponding BeanPostProcessor declaration and its dependencies.
2024-06-25 20:44:00 [WARN ] [] Bean 'transactionManager' of type [org.springframework.jdbc.datasource.DataSourceTransactionManager] is not eligible for getting processed by all BeanPostProcessors (for example: not eligible for auto-proxying). Is this bean getting eagerly injected into a currently created BeanPostProcessor [jobRegistryBeanPostProcessor]? Check the corresponding BeanPostProcessor declaration and its dependencies.
2024-06-25 20:44:00 [WARN ] [] Bean 'spring.batch-org.springframework.boot.autoconfigure.batch.BatchProperties' of type [org.springframework.boot.autoconfigure.batch.BatchProperties] is not eligible for getting processed by all BeanPostProcessors (for example: not eligible for auto-proxying). Is this bean getting eagerly injected into a currently created BeanPostProcessor [jobRegistryBeanPostProcessor]? Check the corresponding BeanPostProcessor declaration and its dependencies.
2024-06-25 20:44:00 [WARN ] [] Bean 'org.springframework.boot.autoconfigure.batch.BatchAutoConfiguration$SpringBootBatchConfiguration' of type [org.springframework.boot.autoconfigure.batch.BatchAutoConfiguration$SpringBootBatchConfiguration] is not eligible for getting processed by all BeanPostProcessors (for example: not eligible for auto-proxying). The currently created BeanPostProcessor [jobRegistryBeanPostProcessor] is declared through a non-static factory method on that class; consider declaring it as static instead.
2024-06-25 20:44:00 [INFO ] [] Tomcat initialized with port 8080 (http)
2024-06-25 20:44:00 [INFO ] [] Initializing ProtocolHandler ["http-nio-8080"]
2024-06-25 20:44:00 [INFO ] [] Starting service [Tomcat]
2024-06-25 20:44:00 [INFO ] [] Starting Servlet engine: [Apache Tomcat/10.1.24]
2024-06-25 20:44:00 [INFO ] [] Initializing Spring embedded WebApplicationContext
2024-06-25 20:44:00 [INFO ] [] Root WebApplicationContext: initialization completed in 848 ms
2024-06-25 20:44:00 [INFO ] [] HikariPool-1 - Starting...
2024-06-25 20:44:00 [INFO ] [] HikariPool-1 - Added connection com.mysql.cj.jdbc.ConnectionImpl@37806be6
2024-06-25 20:44:00 [INFO ] [] HikariPool-1 - Start completed.
2024-06-25 20:44:00 [INFO ] [] HHH000204: Processing PersistenceUnitInfo [name: default]
2024-06-25 20:44:00 [INFO ] [] HHH000412: Hibernate ORM core version 6.4.8.Final
2024-06-25 20:44:00 [INFO ] [] HHH000026: Second-level cache disabled
2024-06-25 20:44:00 [INFO ] [] No LoadTimeWeaver setup: ignoring JPA class transformer
2024-06-25 20:44:01 [INFO ] [] HHH000489: No JTA platform available (set 'hibernate.transaction.jta.platform' to enable JTA platform integration)
2024-06-25 20:44:01 [INFO ] [] Initialized JPA EntityManagerFactory for persistence unit 'default'
2024-06-25 20:44:01 [INFO ] [] Exposing 14 endpoint(s) beneath base path '/actuator'
2024-06-25 20:44:02 [INFO ] [] Starting ProtocolHandler ["http-nio-8080"]
2024-06-25 20:44:02 [INFO ] [] Tomcat started on port 8080 (http) with context path ''
2024-06-25 20:44:02 [INFO ] [] Started SpringBatchApplication in 2.726 seconds (process running for 2.938)
2024-06-25 20:44:02 [INFO ] [] Running default command line with: []
2024-06-25 20:44:02 [INFO ] [] Job: [SimpleJob: [name=batchJob]] launched with the following parameters: [{}]
2024-06-25 20:44:02 [INFO ] [] Initializing Spring DispatcherServlet 'dispatcherServlet'
2024-06-25 20:44:02 [INFO ] [] Initializing Servlet 'dispatcherServlet'
2024-06-25 20:44:02 [INFO ] [] Completed initialization in 1 ms
2024-06-25 20:44:02 [INFO ] [] Step already complete or not restartable, so no action to execute: StepExecution: id=2, version=6, name=step1, status=COMPLETED, exitStatus=COMPLETED, readCount=6, filterCount=0, writeCount=6 readSkipCount=0, writeSkipCount=0, processSkipCount=0, commitCount=4, rollbackCount=0, exitDescription=
2024-06-25 20:44:02 [INFO ] [] Job: [SimpleJob: [name=batchJob]] completed with the following parameters: [{}] and the following status: [COMPLETED] in 20ms
2024-06-25 20:44:06 [INFO ] [9a506333]  ====== /api/v1/signup [Controller.signup()] start ======
2024-06-25 20:44:06 [INFO ] [9a506333]  /api/v1/signup [Controller.signup()]  signup: 김무건
2024-06-25 20:44:06 [INFO ] [9a506333]  ====== /api/v1/signup [Controller.signup()] end ======
2024-06-25 20:44:11 [ERROR] [b71d9cef]  ====== /api/v1/signup [Controller.signup()] start ======
2024-06-25 20:44:11 [ERROR] [b71d9cef]  /api/v1/signup [Controller.signup()]  signup: 김무건
2024-06-25 20:44:11 [ERROR] [b71d9cef]  ====== /api/v1/signup [Controller.signup()] end ======
